<?xml version="1.0" encoding="UTF-8"?>
<testsuite name="com.kodilla.testing.forum.statistics.CalculateStatisticsTestSuite" tests="8" skipped="0" failures="0" errors="0" timestamp="2019-02-16T10:54:16" hostname="DESKTOP-JPA7176" time="0.286">
  <properties/>
  <testcase name="testFor1000Posts" classname="com.kodilla.testing.forum.statistics.CalculateStatisticsTestSuite" time="0.272"/>
  <testcase name="testForEmptyList" classname="com.kodilla.testing.forum.statistics.CalculateStatisticsTestSuite" time="0.001"/>
  <testcase name="testCalculateNumbersOfUsers" classname="com.kodilla.testing.forum.statistics.CalculateStatisticsTestSuite" time="0.003"/>
  <testcase name="testForMoreComments" classname="com.kodilla.testing.forum.statistics.CalculateStatisticsTestSuite" time="0.002"/>
  <testcase name="testForHundredElements" classname="com.kodilla.testing.forum.statistics.CalculateStatisticsTestSuite" time="0.002"/>
  <testcase name="testForMorePost" classname="com.kodilla.testing.forum.statistics.CalculateStatisticsTestSuite" time="0.001"/>
  <testcase name="testForZeroPost" classname="com.kodilla.testing.forum.statistics.CalculateStatisticsTestSuite" time="0.001"/>
  <testcase name="testForZeroComments" classname="com.kodilla.testing.forum.statistics.CalculateStatisticsTestSuite" time="0.001"/>
  <system-out><![CDATA[Test #1
Test #2
Test #3
Statystyki dla testu gĹ‚Ăłwnego: 

Liczba uĹĽytkownikĂłw 5
 Liczba postĂłw 10
 Liczba komentarzy 50
 Srednia komentarz/user Infinity
 Srednia komentarz/post 5.0
 Srednia post/user Infinity
Test #4
Test #5
Test #6
Test #7
Test #8
]]></system-out>
  <system-err><![CDATA[]]></system-err>
</testsuite>
