<?xml version="1.0" encoding="UTF-8"?>
<testsuite name="com.kodilla.testing.collection.CollectionTestSuite" tests="2" skipped="0" failures="0" errors="0" timestamp="2019-01-23T18:29:31" hostname="DESKTOP-JPA7176" time="0.015">
  <properties/>
  <testcase name="testOddNumbersExterminatorEmptyList" classname="com.kodilla.testing.collection.CollectionTestSuite" time="0.014"/>
  <testcase name="testOddNumbersExterminatorNormalList" classname="com.kodilla.testing.collection.CollectionTestSuite" time="0.0"/>
  <system-out><![CDATA[Test case Start
Trwa testowanie pustej listy
Test case Stop
Test case Start
Testowanie przypadku poprawnie wypeĹ‚nionej listy
Test case Stop
]]></system-out>
  <system-err><![CDATA[]]></system-err>
</testsuite>
