<?xml version="1.0" encoding="UTF-8"?>
<testsuite name="com.kodilla.testing.forum.ForumTestSuite" tests="2" skipped="0" failures="0" errors="0" timestamp="2019-02-23T11:01:40" hostname="DESKTOP-JPA7176" time="0.015">
  <properties/>
  <testcase name="testCaseRealName" classname="com.kodilla.testing.forum.ForumTestSuite" time="0.014"/>
  <testcase name="testCaseUsername" classname="com.kodilla.testing.forum.ForumTestSuite" time="0.001"/>
  <system-out><![CDATA[Test Suite: begin
Test Case: begin
Testing John Smith
Test Case: end
Test Case: begin
Testing theForumUser
Test Case: end
Test Suite: end
]]></system-out>
  <system-err><![CDATA[]]></system-err>
</testsuite>
