<?xml version="1.0" encoding="UTF-8"?>
<testsuite name="com.kodilla.testing.shape.ShapeCollectorTestSuite" tests="4" skipped="0" failures="0" errors="0" timestamp="2019-02-23T11:01:40" hostname="DESKTOP-JPA7176" time="0.037">
  <properties/>
  <testcase name="testTheShapeName" classname="com.kodilla.testing.shape.ShapeCollectorTestSuite" time="0.021"/>
  <testcase name="testRemovingElementOfList" classname="com.kodilla.testing.shape.ShapeCollectorTestSuite" time="0.015"/>
  <testcase name="testGetFigure" classname="com.kodilla.testing.shape.ShapeCollectorTestSuite" time="0.001"/>
  <testcase name="testAddFigureToList" classname="com.kodilla.testing.shape.ShapeCollectorTestSuite" time="0.0"/>
  <system-out><![CDATA[Preparing to execute test #1
Finish to execute test #1
Preparing to execute test #2
Finish to execute test #2
Preparing to execute test #3
Finish to execute test #3
Preparing to execute test #4
Finish to execute test #4
]]></system-out>
  <system-err><![CDATA[]]></system-err>
</testsuite>
